<?xml version="1.0" encoding="UTF-8"?>
<testsuites name="jest tests" tests="4" failures="0" errors="0" time="2.094">
  <testsuite name="index.js" errors="0" failures="0" skipped="0" timestamp="2025-01-17T21:37:39" time="1.451" tests="4">
    <testcase classname="index.js getCurrentFolder" name="index.js getCurrentFolder" time="0.007">
    </testcase>
    <testcase classname="index.js updateNavigationPanel" name="index.js updateNavigationPanel" time="0.01">
    </testcase>
    <testcase classname="index.js updateContents" name="index.js updateContents" time="0.014">
    </testcase>
    <testcase classname="index.js load_data" name="index.js load_data" time="0.012">
    </testcase>
  </testsuite>
</testsuites>