<?xml version="1.0" encoding="utf-8"?><testsuites><testsuite name="pytest" errors="0" failures="0" skipped="0" tests="3" time="0.148" timestamp="2025-01-17T10:29:47.797034-05:00" hostname="Mac-mini"><testcase classname="tests.test_utilities" name="test_cond[pairs0-case0-matches B]" time="0.000" /><testcase classname="tests.test_utilities" name="test_cond[pairs1-case1-expected1]" time="0.000" /><testcase classname="tests.test_utilities" name="test_cond[pairs2-case2-matches A]" time="0.000" /></testsuite></testsuites>